  GameObject.cpp
c:\users\alext\documents\github\implementation-alex-turnbull\s192255-gameengine\s192255-gameengine\source\gameobject.cpp(23): warning C4244: 'argument': conversion from 'T' to 'T', possible loss of data
          with
          [
              T=unsigned int
          ]
          and
          [
              T=float
          ]
c:\users\alext\documents\github\implementation-alex-turnbull\s192255-gameengine\s192255-gameengine\source\gameobject.cpp(57): warning C4244: 'argument': conversion from 'double' to 'float', possible loss of data
  Player.cpp
  ResourceManager.cpp
  main.cpp
c:\users\alext\documents\github\implementation-alex-turnbull\s192255-gameengine\s192255-gameengine\source\main.cpp(25): warning C4244: 'argument': conversion from 'int' to 'float32', possible loss of data
c:\users\alext\documents\github\implementation-alex-turnbull\s192255-gameengine\s192255-gameengine\source\main.cpp(31): warning C4244: 'argument': conversion from 'int' to 'T', possible loss of data
          with
          [
              T=float
          ]
  Generating Code...
  s192255-GameEngine.vcxproj -> C:\Users\alext\Documents\GitHub\implementation-alex-turnbull\s192255-GameEngine\Debug\s192255-GameEngine.exe
